<?xml version="1.0" encoding="UTF-8"?>
<!-- Generated by org.testng.reporters.JUnitReportReporter -->
<testsuite hostname="DESKTOP-KOLVAPU" failures="0" tests="1" name="com.matthewappium.tests.AddToCartTest" time="12.025" errors="0" timestamp="27 Oct. 2022 21:16:18 GMT" skipped="0">
  <testcase classname="com.matthewappium.tests.AddToCartTest" name="addProductToCartCorrectlyTest" time="12.025"/>
</testsuite> <!-- com.matthewappium.tests.AddToCartTest -->
