<?xml version="1.0" encoding="UTF-8"?>
<!-- Generated by org.testng.reporters.JUnitReportReporter -->
<testsuite hostname="DESKTOP-KOLVAPU" failures="0" tests="4" name="com.matthewappium.GeneralStoreFormPageTest" time="36.343" errors="0" timestamp="25 Oct. 2022 06:15:47 GMT" skipped="0">
  <testcase classname="com.matthewappium.GeneralStoreFormPageTest" name="incorrectInfoAddedFormSubmit" time="13.167"/>
  <testcase classname="com.matthewappium.GeneralStoreFormPageTest" name="correctInfoAddedFormSubmit" time="4.853"/>
  <testcase classname="com.matthewappium.GeneralStoreFormPageTest" name="incorrectInfoAddedFormSubmit" time="4.832"/>
  <testcase classname="com.matthewappium.GeneralStoreFormPageTest" name="correctInfoAddedFormSubmit" time="13.491"/>
</testsuite> <!-- com.matthewappium.GeneralStoreFormPageTest -->
