<?xml version="1.0" encoding="UTF-8"?>
<!-- Generated by org.testng.reporters.JUnitReportReporter -->
<testsuite skipped="0" hostname="DESKTOP-KOLVAPU" name="com.matthewappium.tests.AddToCartTest" tests="1" failures="0" timestamp="27 Oct 2022 18:49:17 GMT" time="12.417" errors="0">
  <testcase name="addProductToCartCorrectlyTest" time="12.417" classname="com.matthewappium.tests.AddToCartTest"/>
</testsuite> <!-- com.matthewappium.tests.AddToCartTest -->
